<?xml version="1.0" encoding="UTF-8"?>
<!-- Generated by org.testng.reporters.JUnitReportReporter -->
<testsuite hostname="SIddu" failures="0" tests="2" name="Selenium_E2E_Project.addingItemstoCart" time="15.725" errors="0" timestamp="2022-12-26T17:48:22 IST" skipped="0">
  <testcase classname="Selenium_E2E_Project.addingItemstoCart" name="AddToCartScenario" time="8.935"/>
  <system-out/>
  <testcase classname="Selenium_E2E_Project.addingItemstoCart" name="AddToCartScenario" time="6.790"/>
  <system-out/>
</testsuite> <!-- Selenium_E2E_Project.addingItemstoCart -->
