<?xml version="1.0" encoding="UTF-8"?>
<!-- Generated by org.testng.reporters.JUnitReportReporter -->
<testsuite hostname="SIddu" failures="0" tests="1" name="Selenium_E2E_Project.ErrorValidationWithIncorrectProduct" time="10.980" errors="0" timestamp="2022-12-23T12:44:12 IST" skipped="0">
  <testcase classname="Selenium_E2E_Project.ErrorValidationWithIncorrectProduct" name="AddToCartScenario" time="10.980"/>
  <system-out/>
</testsuite> <!-- Selenium_E2E_Project.ErrorValidationWithIncorrectProduct -->
