<?xml version="1.0" encoding="UTF-8"?>
<!-- Generated by org.testng.reporters.JUnitReportReporter -->
<testsuite hostname="SIddu" failures="0" tests="1" name="CucumberTestRunnerFile.TestRunner" time="7.217" errors="0" timestamp="2023-01-04T00:31:56 IST" skipped="0">
  <testcase classname="CucumberTestRunnerFile.TestRunner" name="runScenario" time="7.217"/>
  <system-out/>
</testsuite> <!-- CucumberTestRunnerFile.TestRunner -->
